2018-12-10 09:47:46,532 [main] INFO  c.t.s.SpringBootDemoApplication 50 - Starting SpringBootDemoApplication on EDZ-20170920HCU with PID 8792 (E:\mystudy\otherCode\TianSpringMVC\springmvc4tian\spring-boot-demo\target\classes started by tianweichang in E:\mystudy\otherCode\TianSpringMVC\springmvc4tian)
2018-12-10 09:47:46,536 [main] INFO  c.t.s.SpringBootDemoApplication 662 - No active profile set, falling back to default profiles: default
2018-12-10 09:47:46,719 [main] INFO  o.s.b.w.s.c.AnnotationConfigServletWebServerApplicationContext 590 - Refreshing org.springframework.boot.web.servlet.context.AnnotationConfigServletWebServerApplicationContext@6973b51b: startup date [Mon Dec 10 09:47:46 CST 2018]; root of context hierarchy
2018-12-10 09:47:47,579 [main] INFO  o.s.c.s.PostProcessorRegistrationDelegate$BeanPostProcessorChecker 326 - Bean 'org.springframework.transaction.annotation.ProxyTransactionManagementConfiguration' of type [org.springframework.transaction.annotation.ProxyTransactionManagementConfiguration$$EnhancerBySpringCGLIB$$acd8cedb] is not eligible for getting processed by all BeanPostProcessors (for example: not eligible for auto-proxying)
2018-12-10 09:47:47,918 [main] INFO  o.s.b.w.e.tomcat.TomcatWebServer 91 - Tomcat initialized with port(s): 8089 (http)
2018-12-10 09:47:47,935 [main] INFO  o.a.coyote.http11.Http11NioProtocol 180 - Initializing ProtocolHandler ["http-nio-8089"]
2018-12-10 09:47:47,944 [main] INFO  o.a.catalina.core.StandardService 180 - Starting service [Tomcat]
2018-12-10 09:47:47,945 [main] INFO  o.a.catalina.core.StandardEngine 180 - Starting Servlet Engine: Apache Tomcat/8.5.32
2018-12-10 09:47:47,950 [localhost-startStop-1] INFO  o.a.c.core.AprLifecycleListener 180 - The APR based Apache Tomcat Native library which allows optimal performance in production environments was not found on the java.library.path: [C:\Program Files\Java\jdk1.8.0_151\bin;C:\Windows\Sun\Java\bin;C:\Windows\system32;C:\Windows;C:\ProgramData\Oracle\Java\javapath;C:\Program Files (x86)\Intel\iCLS Client\;C:\Program Files\Intel\iCLS Client\;C:\Windows\system32;C:\Windows;C:\Windows\System32\Wbem;C:\Windows\System32\WindowsPowerShell\v1.0\;C:\Program Files (x86)\Intel\Intel(R) Management Engine Components\DAL;C:\Program Files\Intel\Intel(R) Management Engine Components\DAL;C:\Program Files (x86)\Intel\Intel(R) Management Engine Components\IPT;C:\Program Files\Intel\Intel(R) Management Engine Components\IPT;C:\Program Files (x86)\Intel\OpenCL SDK\2.0\bin\x86;C:\Program Files (x86)\Intel\OpenCL SDK\2.0\bin\x64;C:\Program Files\TortoiseSVN\binC:\Program Files (x86)\Java\jdk1.8.0_161\bin;C:\Program Files (x86)\Java\jdk1.8.0_161\jre\bin;D:\tools\git\Git\cmd;D:\tools\maven\apache-maven-3.2.5/bin;D:\tools\ant\apache-ant-1.10.1\bin;D:\tools\other\mq\erlang\erl9.3\bin;C:\Program Files (x86)\Java\jdk1.8.0_161\bin;C:\Program Files (x86)\Java\jdk1.8.0_161\jre\bin;C:\Users\tianweichang\AppData\Local\GitHubDesktop\bin;.]
2018-12-10 09:47:48,047 [localhost-startStop-1] INFO  o.a.c.c.C.[Tomcat].[localhost].[/] 180 - Initializing Spring embedded WebApplicationContext
2018-12-10 09:47:48,048 [localhost-startStop-1] INFO  o.s.web.context.ContextLoader 285 - Root WebApplicationContext: initialization completed in 1329 ms
2018-12-10 09:47:48,110 [localhost-startStop-1] INFO  o.s.b.w.s.ServletRegistrationBean 187 - Servlet dispatcherServlet mapped to [/]
2018-12-10 09:47:48,114 [localhost-startStop-1] INFO  o.s.b.w.s.FilterRegistrationBean 245 - Mapping filter: 'characterEncodingFilter' to: [/*]
2018-12-10 09:47:48,115 [localhost-startStop-1] INFO  o.s.b.w.s.FilterRegistrationBean 245 - Mapping filter: 'hiddenHttpMethodFilter' to: [/*]
2018-12-10 09:47:48,115 [localhost-startStop-1] INFO  o.s.b.w.s.FilterRegistrationBean 245 - Mapping filter: 'httpPutFormContentFilter' to: [/*]
2018-12-10 09:47:48,115 [localhost-startStop-1] INFO  o.s.b.w.s.FilterRegistrationBean 245 - Mapping filter: 'requestContextFilter' to: [/*]
2018-12-10 09:47:48,845 [main] INFO  o.s.w.s.m.m.a.RequestMappingHandlerMapping 547 - Mapped "{[/test],methods=[GET]}" onto public com.tian.springbootdemo.dao.domain.User com.tian.springbootdemo.controller.HelloController.test()
2018-12-10 09:47:48,846 [main] INFO  o.s.w.s.m.m.a.RequestMappingHandlerMapping 547 - Mapped "{[/hello]}" onto public com.tian.springbootdemo.dao.domain.User com.tian.springbootdemo.controller.HelloController.hello()
2018-12-10 09:47:48,848 [main] INFO  o.s.w.s.m.m.a.RequestMappingHandlerMapping 547 - Mapped "{[/index]}" onto public java.lang.String com.tian.springbootdemo.controller.IndexController.index(javax.servlet.http.HttpSession,org.springframework.ui.Model)
2018-12-10 09:47:48,849 [main] INFO  o.s.w.s.m.m.a.RequestMappingHandlerMapping 547 - Mapped "{[/freemarker]}" onto public java.lang.String com.tian.springbootdemo.controller.IndexController.freemarker(java.util.Map<java.lang.String, java.lang.Object>)
2018-12-10 09:47:48,851 [main] INFO  o.s.w.s.m.m.a.RequestMappingHandlerMapping 547 - Mapped "{[/api/login],methods=[POST]}" onto public com.tian.springbootdemo.rep.Result com.tian.springbootdemo.controller.LoginController.execute()
2018-12-10 09:47:48,852 [main] INFO  o.s.w.s.m.m.a.RequestMappingHandlerMapping 547 - Mapped "{[/api/users],methods=[POST]}" onto public com.tian.springbootdemo.rep.Result com.tian.springbootdemo.controller.MyApiController.execute()
2018-12-10 09:47:48,853 [main] INFO  o.s.w.s.m.m.a.RequestMappingHandlerMapping 547 - Mapped "{[/sk1],methods=[POST]}" onto public void com.tian.springbootdemo.controller.SecondKillController.secondKill1()
2018-12-10 09:47:48,853 [main] INFO  o.s.w.s.m.m.a.RequestMappingHandlerMapping 547 - Mapped "{[/sk2],methods=[POST]}" onto public void com.tian.springbootdemo.controller.SecondKillController.secondKill2()
2018-12-10 09:47:48,854 [main] INFO  o.s.w.s.m.m.a.RequestMappingHandlerMapping 547 - Mapped "{[/sk3],methods=[POST]}" onto public void com.tian.springbootdemo.controller.SecondKillController.secondKill3()
2018-12-10 09:47:48,854 [main] INFO  o.s.w.s.m.m.a.RequestMappingHandlerMapping 547 - Mapped "{[/sk4],methods=[POST]}" onto public void com.tian.springbootdemo.controller.SecondKillController.secondKill4()
2018-12-10 09:47:48,856 [main] INFO  o.s.w.s.m.m.a.RequestMappingHandlerMapping 547 - Mapped "{[/demoController/updateUser],methods=[POST],consumes=[application/json]}" onto public com.tian.springbootdemo.vo.ResObject com.tian.springbootdemo.controller.SwaggerController.updateUser(com.tian.springbootdemo.dao.domain.User)
2018-12-10 09:47:48,856 [main] INFO  o.s.w.s.m.m.a.RequestMappingHandlerMapping 547 - Mapped "{[/demoController/createUser],methods=[POST],consumes=[application/json]}" onto public com.tian.springbootdemo.vo.ResObject com.tian.springbootdemo.controller.SwaggerController.createUser(com.tian.springbootdemo.dao.domain.User)
2018-12-10 09:47:48,856 [main] INFO  o.s.w.s.m.m.a.RequestMappingHandlerMapping 547 - Mapped "{[/demoController/deleteUser],methods=[DELETE]}" onto public com.tian.springbootdemo.vo.ResObject com.tian.springbootdemo.controller.SwaggerController.deleteUser(java.lang.String)
2018-12-10 09:47:48,857 [main] INFO  o.s.w.s.m.m.a.RequestMappingHandlerMapping 547 - Mapped "{[/demoController/queryUser],methods=[GET]}" onto public com.tian.springbootdemo.vo.ResObject com.tian.springbootdemo.controller.SwaggerController.queryUser(java.lang.Integer)
2018-12-10 09:47:48,861 [main] INFO  o.s.w.s.m.m.a.RequestMappingHandlerMapping 547 - Mapped "{[/swagger-resources]}" onto public org.springframework.http.ResponseEntity<java.util.List<springfox.documentation.swagger.web.SwaggerResource>> springfox.documentation.swagger.web.ApiResourceController.swaggerResources()
2018-12-10 09:47:48,862 [main] INFO  o.s.w.s.m.m.a.RequestMappingHandlerMapping 547 - Mapped "{[/swagger-resources/configuration/ui]}" onto public org.springframework.http.ResponseEntity<springfox.documentation.swagger.web.UiConfiguration> springfox.documentation.swagger.web.ApiResourceController.uiConfiguration()
2018-12-10 09:47:48,863 [main] INFO  o.s.w.s.m.m.a.RequestMappingHandlerMapping 547 - Mapped "{[/swagger-resources/configuration/security]}" onto public org.springframework.http.ResponseEntity<springfox.documentation.swagger.web.SecurityConfiguration> springfox.documentation.swagger.web.ApiResourceController.securityConfiguration()
2018-12-10 09:47:48,867 [main] INFO  o.s.w.s.m.m.a.RequestMappingHandlerMapping 547 - Mapped "{[/error]}" onto public org.springframework.http.ResponseEntity<java.util.Map<java.lang.String, java.lang.Object>> org.springframework.boot.autoconfigure.web.servlet.error.BasicErrorController.error(javax.servlet.http.HttpServletRequest)
2018-12-10 09:47:48,867 [main] INFO  o.s.w.s.m.m.a.RequestMappingHandlerMapping 547 - Mapped "{[/error],produces=[text/html]}" onto public org.springframework.web.servlet.ModelAndView org.springframework.boot.autoconfigure.web.servlet.error.BasicErrorController.errorHtml(javax.servlet.http.HttpServletRequest,javax.servlet.http.HttpServletResponse)
2018-12-10 09:47:48,962 [main] INFO  s.d.s.w.PropertySourcedRequestMappingHandlerMapping 69 - Mapped URL path [/v2/api-docs] onto method [public org.springframework.http.ResponseEntity<springfox.documentation.spring.web.json.Json> springfox.documentation.swagger2.web.Swagger2Controller.getDocumentation(java.lang.String,javax.servlet.http.HttpServletRequest)]
2018-12-10 09:47:49,019 [main] INFO  o.s.w.s.h.SimpleUrlHandlerMapping 373 - Mapped URL path [/**/favicon.ico] onto handler of type [class org.springframework.web.servlet.resource.ResourceHttpRequestHandler]
2018-12-10 09:47:49,163 [main] INFO  o.s.w.s.m.m.a.RequestMappingHandlerAdapter 574 - Looking for @ControllerAdvice: org.springframework.boot.web.servlet.context.AnnotationConfigServletWebServerApplicationContext@6973b51b: startup date [Mon Dec 10 09:47:46 CST 2018]; root of context hierarchy
2018-12-10 09:47:49,202 [main] INFO  o.s.w.s.h.SimpleUrlHandlerMapping 373 - Mapped URL path [/webjars/**] onto handler of type [class org.springframework.web.servlet.resource.ResourceHttpRequestHandler]
2018-12-10 09:47:49,203 [main] INFO  o.s.w.s.h.SimpleUrlHandlerMapping 373 - Mapped URL path [/**] onto handler of type [class org.springframework.web.servlet.resource.ResourceHttpRequestHandler]
2018-12-10 09:47:49,254 [main] INFO  o.s.b.a.w.s.WelcomePageHandlerMapping 61 - Adding welcome page template: index
2018-12-10 09:47:49,339 [main] INFO  o.s.w.s.v.f.FreeMarkerConfigurer 131 - ClassTemplateLoader for Spring macros added to FreeMarker configuration
2018-12-10 09:47:49,481 [main] INFO  o.s.j.e.a.AnnotationMBeanExporter 433 - Registering beans for JMX exposure on startup
2018-12-10 09:47:49,483 [main] INFO  o.s.j.e.a.AnnotationMBeanExporter 895 - Bean with name 'dataSource' has been autodetected for JMX exposure
2018-12-10 09:47:49,488 [main] INFO  o.s.j.e.a.AnnotationMBeanExporter 668 - Located MBean 'dataSource': registering with JMX server as MBean [com.zaxxer.hikari:name=dataSource,type=HikariDataSource]
2018-12-10 09:47:49,492 [main] INFO  o.s.c.s.DefaultLifecycleProcessor 351 - Starting beans in phase 2147483647
2018-12-10 09:47:49,492 [main] INFO  s.d.s.w.p.DocumentationPluginsBootstrapper 147 - Context refreshed
2018-12-10 09:47:49,505 [main] INFO  s.d.s.w.p.DocumentationPluginsBootstrapper 150 - Found 1 custom documentation plugin(s)
2018-12-10 09:47:49,532 [main] INFO  s.d.s.w.s.ApiListingReferenceScanner 41 - Scanning for api listing references
2018-12-10 09:47:49,645 [main] INFO  o.a.coyote.http11.Http11NioProtocol 180 - Starting ProtocolHandler ["http-nio-8089"]
2018-12-10 09:47:49,653 [main] INFO  o.a.tomcat.util.net.NioSelectorPool 180 - Using a shared selector for servlet write/read
2018-12-10 09:47:49,665 [main] INFO  o.s.b.w.e.tomcat.TomcatWebServer 206 - Tomcat started on port(s): 8089 (http) with context path ''
2018-12-10 09:47:49,668 [main] INFO  c.t.s.SpringBootDemoApplication 59 - Started SpringBootDemoApplication in 3.593 seconds (JVM running for 4.988)
2018-12-10 18:01:09,391 [http-nio-8089-exec-1] INFO  o.a.c.c.C.[Tomcat].[localhost].[/] 180 - Initializing Spring FrameworkServlet 'dispatcherServlet'
2018-12-10 18:01:09,392 [http-nio-8089-exec-1] INFO  o.s.web.servlet.DispatcherServlet 494 - FrameworkServlet 'dispatcherServlet': initialization started
2018-12-10 18:01:09,410 [http-nio-8089-exec-1] INFO  o.s.web.servlet.DispatcherServlet 509 - FrameworkServlet 'dispatcherServlet': initialization completed in 18 ms
